<?xml version="1.0" encoding="UTF-8"?>
<!-- Generated by org.testng.reporters.JUnitReportReporter -->
<testsuite hostname="DESKTOP-HLBM2PG" failures="0" tests="1" name="SwagLabs.VerifyUserLogin" time="15.651" errors="0" timestamp="2022-12-07T14:10:35 IST" skipped="0">
  <testcase classname="SwagLabs.VerifyUserLogin" name="UserLoginToSwagLabs" time="15.651"/>
  <system-out/>
</testsuite> <!-- SwagLabs.VerifyUserLogin -->
