<?xml version="1.0" encoding="UTF-8"?>
<!-- Generated by org.testng.reporters.JUnitReportReporter -->
<testsuite hostname="DESKTOP-HLBM2PG" failures="0" tests="2" name="com.Restaurant.Testcases.VerifyAddSupplierTest" time="99.958" errors="0" timestamp="2022-12-14T21:02:02 IST" skipped="0">
  <testcase classname="com.Restaurant.Testcases.VerifyAddSupplierTest" name="AddSupplier" time="61.734"/>
  <system-out/>
  <testcase classname="com.Restaurant.Testcases.VerifyAddSupplierTest" name="DeleteSupplier" time="38.224"/>
  <system-out/>
</testsuite> <!-- com.Restaurant.Testcases.VerifyAddSupplierTest -->
