<?xml version="1.0" encoding="UTF-8"?>
<!-- Generated by org.testng.reporters.JUnitReportReporter -->
<testsuite hostname="DESKTOP-HLBM2PG" failures="0" tests="1" name="com.Restaurant.Testcases.VerifyClientStatsGetReportTest" time="60.446" errors="0" timestamp="2022-12-12T17:59:16 IST" skipped="0">
  <testcase classname="com.Restaurant.Testcases.VerifyClientStatsGetReportTest" name="GetReportForClientStats" time="60.446"/>
  <system-out/>
</testsuite> <!-- com.Restaurant.Testcases.VerifyClientStatsGetReportTest -->
