<?xml version="1.0" encoding="UTF-8"?>
<!-- Generated by org.testng.reporters.JUnitReportReporter -->
<testsuite hostname="DESKTOP-HLBM2PG" failures="0" tests="3" name="com.Restaurant.Testcases.VerifyHomePageTest" time="141.959" errors="0" timestamp="2022-12-14T16:18:13 IST" skipped="0">
  <testcase classname="com.Restaurant.Testcases.VerifyHomePageTest" name="ShopWithWaiter" time="36.218"/>
  <system-out/>
  <testcase classname="com.Restaurant.Testcases.VerifyHomePageTest" name="AddingWaiter" time="60.412"/>
  <system-out/>
  <testcase classname="com.Restaurant.Testcases.VerifyHomePageTest" name="ShopWithoutWaiter" time="45.329"/>
  <system-out/>
</testsuite> <!-- com.Restaurant.Testcases.VerifyHomePageTest -->
