<?xml version="1.0" encoding="UTF-8"?>
<!-- Generated by org.testng.reporters.JUnitReportReporter -->
<testsuite hostname="DESKTOP-HLBM2PG" failures="0" tests="2" name="com.Restaurant.Testcases.VerifyAddCustomerTest" time="108.832" errors="0" timestamp="2022-12-14T20:42:57 IST" skipped="0">
  <testcase classname="com.Restaurant.Testcases.VerifyAddCustomerTest" name="DeleteCustomer" time="39.576"/>
  <system-out/>
  <testcase classname="com.Restaurant.Testcases.VerifyAddCustomerTest" name="AddCustomer" time="69.256"/>
  <system-out/>
</testsuite> <!-- com.Restaurant.Testcases.VerifyAddCustomerTest -->
