<?xml version="1.0" encoding="UTF-8"?>
<!-- Generated by org.testng.reporters.JUnitReportReporter -->
<testsuite hostname="DESKTOP-HLBM2PG" failures="0" tests="1" name="com.Restaurant.Testcases.VerifyProductStatsGetReportTest" time="55.910" errors="0" timestamp="2022-12-12T18:02:22 IST" skipped="0">
  <testcase classname="com.Restaurant.Testcases.VerifyProductStatsGetReportTest" name="GetReportForProductStats" time="55.910"/>
  <system-out/>
</testsuite> <!-- com.Restaurant.Testcases.VerifyProductStatsGetReportTest -->
