<?xml version="1.0" encoding="UTF-8"?>
<!-- Generated by org.testng.reporters.JUnitReportReporter -->
<testsuite hostname="DESKTOP-HLBM2PG" failures="0" tests="1" name="com.Restaurant.Testcases.VerifyStockStatsGetReportTest" time="44.891" errors="0" timestamp="2022-12-12T18:12:43 IST" skipped="0">
  <testcase classname="com.Restaurant.Testcases.VerifyStockStatsGetReportTest" name="GetReportForStockStats" time="44.891"/>
  <system-out/>
</testsuite> <!-- com.Restaurant.Testcases.VerifyStockStatsGetReportTest -->
