<?xml version="1.0" encoding="UTF-8"?>
<!-- Generated by org.testng.reporters.JUnitReportReporter -->
<testsuite hostname="DESKTOP-HLBM2PG" failures="0" tests="3" name="com.Restaurant.Testcases.VerifyEditStoreTest" time="158.659" errors="0" timestamp="2022-12-14T20:08:02 IST" skipped="0">
  <testcase classname="com.Restaurant.Testcases.VerifyEditStoreTest" name="AddingStore" time="44.676"/>
  <system-out/>
  <testcase classname="com.Restaurant.Testcases.VerifyEditStoreTest" name="AddTableInStore" time="83.786"/>
  <system-out/>
  <testcase classname="com.Restaurant.Testcases.VerifyEditStoreTest" name="DeleteStore" time="30.197"/>
  <system-out/>
</testsuite> <!-- com.Restaurant.Testcases.VerifyEditStoreTest -->
