<?xml version="1.0" encoding="UTF-8"?>
<!-- Generated by org.testng.reporters.JUnitReportReporter -->
<testsuite hostname="DESKTOP-HLBM2PG" failures="0" tests="2" name="com.Restaurant.Testcases.VerifyEditWaiterTest" time="95.762" errors="0" timestamp="2022-12-14T14:20:22 IST" skipped="0">
  <testcase classname="com.Restaurant.Testcases.VerifyEditWaiterTest" name="DeleteWaiter" time="35.682"/>
  <system-out/>
  <testcase classname="com.Restaurant.Testcases.VerifyEditWaiterTest" name="AddingWaiter" time="60.080"/>
  <system-out/>
</testsuite> <!-- com.Restaurant.Testcases.VerifyEditWaiterTest -->
