<?xml version="1.0" encoding="UTF-8"?>
<!-- Generated by org.testng.reporters.JUnitReportReporter -->
<testsuite hostname="DESKTOP-HLBM2PG" failures="0" tests="1" name="com.Restaurant.Testcases.VerifyRegisterStatsGetReportTest" time="56.127" errors="0" timestamp="2022-12-12T18:04:51 IST" skipped="0">
  <testcase classname="com.Restaurant.Testcases.VerifyRegisterStatsGetReportTest" name="GetReportForRegisterStats" time="56.127"/>
  <system-out/>
</testsuite> <!-- com.Restaurant.Testcases.VerifyRegisterStatsGetReportTest -->
